[debug] [2024-10-29T17:19:02.566Z] ----------------------------------------------------------------------
[debug] [2024-10-29T17:19:02.570Z] Command:       C:\Program Files\nodejs\node.exe C:\Users\maumm\AppData\Roaming\npm\node_modules\firebase-tools\lib\bin\firebase.js deploy
[debug] [2024-10-29T17:19:02.570Z] CLI Version:   12.4.3
[debug] [2024-10-29T17:19:02.570Z] Platform:      win32
[debug] [2024-10-29T17:19:02.571Z] Node Version:  v20.15.0
[debug] [2024-10-29T17:19:02.571Z] Time:          Tue Oct 29 2024 13:19:02 GMT-0400 (hora de Bolivia)
[debug] [2024-10-29T17:19:02.571Z] ----------------------------------------------------------------------
[debug] 
[debug] [2024-10-29T17:19:02.577Z] >>> [apiv2][query] GET https://firebase-public.firebaseio.com/cli.json [none]
[debug] [2024-10-29T17:19:02.714Z] > command requires scopes: ["email","openid","https://www.googleapis.com/auth/cloudplatformprojects.readonly","https://www.googleapis.com/auth/firebase","https://www.googleapis.com/auth/cloud-platform"]
[debug] [2024-10-29T17:19:02.715Z] > authorizing via signed-in user (maummq@gmail.com)
[debug] [2024-10-29T17:19:02.715Z] [iam] checking project lider-bo for permissions ["firebase.projects.get","firebasehosting.sites.update"]
[debug] [2024-10-29T17:19:02.716Z] > refreshing access token with scopes: []
[debug] [2024-10-29T17:19:02.717Z] >>> [apiv2][query] POST https://www.googleapis.com/oauth2/v3/token [none]
[debug] [2024-10-29T17:19:02.717Z] >>> [apiv2][body] POST https://www.googleapis.com/oauth2/v3/token [omitted]
[debug] [2024-10-29T17:19:03.045Z] <<< [apiv2][status] POST https://www.googleapis.com/oauth2/v3/token 200
[debug] [2024-10-29T17:19:03.045Z] <<< [apiv2][body] POST https://www.googleapis.com/oauth2/v3/token [omitted]
[debug] [2024-10-29T17:19:03.054Z] >>> [apiv2][query] POST https://cloudresourcemanager.googleapis.com/v1/projects/lider-bo:testIamPermissions [none]
[debug] [2024-10-29T17:19:03.054Z] >>> [apiv2][(partial)header] POST https://cloudresourcemanager.googleapis.com/v1/projects/lider-bo:testIamPermissions x-goog-quota-user=projects/lider-bo
[debug] [2024-10-29T17:19:03.054Z] >>> [apiv2][body] POST https://cloudresourcemanager.googleapis.com/v1/projects/lider-bo:testIamPermissions {"permissions":["firebase.projects.get","firebasehosting.sites.update"]}
[debug] [2024-10-29T17:19:03.174Z] <<< [apiv2][status] GET https://firebase-public.firebaseio.com/cli.json 200
[debug] [2024-10-29T17:19:03.174Z] <<< [apiv2][body] GET https://firebase-public.firebaseio.com/cli.json {"cloudBuildErrorAfter":1594252800000,"cloudBuildWarnAfter":1590019200000,"defaultNode10After":1594252800000,"minVersion":"3.0.5","node8DeploysDisabledAfter":1613390400000,"node8RuntimeDisabledAfter":1615809600000,"node8WarnAfter":1600128000000}
[debug] [2024-10-29T17:19:04.114Z] <<< [apiv2][status] POST https://cloudresourcemanager.googleapis.com/v1/projects/lider-bo:testIamPermissions 200
[debug] [2024-10-29T17:19:04.114Z] <<< [apiv2][body] POST https://cloudresourcemanager.googleapis.com/v1/projects/lider-bo:testIamPermissions {"permissions":["firebase.projects.get","firebasehosting.sites.update"]}
[debug] [2024-10-29T17:19:04.115Z] >>> [apiv2][query] GET https://firebase.googleapis.com/v1beta1/projects/lider-bo [none]
[debug] [2024-10-29T17:19:04.631Z] <<< [apiv2][status] GET https://firebase.googleapis.com/v1beta1/projects/lider-bo 200
[debug] [2024-10-29T17:19:04.631Z] <<< [apiv2][body] GET https://firebase.googleapis.com/v1beta1/projects/lider-bo {"projectId":"lider-bo","projectNumber":"749995152603","displayName":"lider-bo","name":"projects/lider-bo","resources":{"hostingSite":"lider-bo"},"state":"ACTIVE","etag":"1_51f9b81b-d596-441d-a3d3-688c092de6f5"}
[info] 
[info] === Deploying to 'lider-bo'...
[info] 
[info] i  deploying hosting 
[debug] [2024-10-29T17:19:04.635Z] >>> [apiv2][query] POST https://firebasehosting.googleapis.com/v1beta1/projects/-/sites/lider-bo/versions [none]
[debug] [2024-10-29T17:19:04.636Z] >>> [apiv2][body] POST https://firebasehosting.googleapis.com/v1beta1/projects/-/sites/lider-bo/versions {"status":"CREATED","labels":{"deployment-tool":"cli-firebase"}}
[debug] [2024-10-29T17:19:06.490Z] <<< [apiv2][status] POST https://firebasehosting.googleapis.com/v1beta1/projects/-/sites/lider-bo/versions 200
[debug] [2024-10-29T17:19:06.490Z] <<< [apiv2][body] POST https://firebasehosting.googleapis.com/v1beta1/projects/-/sites/lider-bo/versions {"name":"projects/749995152603/sites/lider-bo/versions/a5d7b0961d72c1ad","status":"CREATED","config":{},"labels":{"deployment-tool":"cli-firebase"}}
[info] i  hosting[lider-bo]: beginning deploy... 
[info] i  hosting[lider-bo]: found 33 files in dist 
[debug] [2024-10-29T17:19:06.507Z] [hosting] uploading with 200 concurrency
[debug] [2024-10-29T17:19:11.495Z] [hosting] hash cache [ZGlzdA] stored for 33 files
[debug] [2024-10-29T17:19:11.495Z] [hosting][hash queue][FINAL] {"max":4981,"min":10,"avg":727.5151515151515,"active":0,"complete":33,"success":33,"errored":0,"retried":0,"total":33,"elapsed":4985}
[debug] [2024-10-29T17:19:11.497Z] >>> [apiv2][query] POST https://firebasehosting.googleapis.com/v1beta1/projects/749995152603/sites/lider-bo/versions/a5d7b0961d72c1ad:populateFiles [none]
[debug] [2024-10-29T17:19:11.497Z] >>> [apiv2][body] POST https://firebasehosting.googleapis.com/v1beta1/projects/749995152603/sites/lider-bo/versions/a5d7b0961d72c1ad:populateFiles {"files":{"/laguna.png":"1e95f6640b7df6867a0068c695b791196702e7f6c0937b9aa900c7d4dd29ed45","/logo.png":"e31f8e54a69fe7ae643f2977d4086b227f7861cf055ea8d7af50f498cab293be","/_astro/client.5NRMcsES.js":"fb3d35f19b54ea8b7ff24f722e32414c00ac9546aca03d869be9640b0fed2781","/_astro/cosmos.CUwhJJlK_Z1vCDca.webp":"6328eb3e94b897d398e53dc1b34fbce1988ff9ed26f1896e1a5b1a4d75cab89c","/_astro/evans.6tfGqB9w_Z15xxXH.webp":"11f36287ff043f835aee6cb2f96728d6ad199a3dfb6912aeb9fccce6a888fa9f","/_astro/index.oLEDOMOV.css":"8762b1ba95eddba53d6542a2e90b5d6ae6016a3335305cdffb05bcfea8d9a394","/_astro/logo.B28BecU8_Z2kyzhb.webp":"28a08142419b1727026289001ff129bb8f703771b4b179d331eddca99d227f2f","/_astro/maxifarma.ppxk_lwq_Z10iVhR.webp":"8711b61ebcb10177ec5d9ca46c648d5526070c41691ba7ae5ec5de818b1f56c1","/_astro/red-hat-display-latin-400-normal.BY8gnDd0.woff2":"2bd716bcf22c27bc228c5dfdd9ea03be344c4cc9dba4e8d711ca998850667e70","/_astro/red-hat-display-latin-400-normal.B7FgY1uS.woff":"71c11e0a41845895dcbec2d6aa728044aea2cf418eae8d768b01f1321b4362b6","/_astro/red-hat-display-latin-ext-400-normal.Dh7BTQCy.woff2":"2209b916c3695f98ab189c593593b2fdb473d29cb80b2a2d1643ca6d59325951","/_astro/red-hat-display-latin-ext-400-normal.CQtD6p29.woff":"a43079760b138befd9cf84469f87f6e41dc924691ced119d6d8963f55c88a325","/_astro/unbounded-cyrillic-400-normal.CX16cacP.woff2":"aee7937fb08a5c07a3c408cbf18b925727e23afdd048037842d4741945692926","/_astro/unbounded-cyrillic-400-normal.CaJLrhTP.woff":"13491bb618194540e20b929d3cfe6f339bd5cfa2b4bf9f8d65b01c8aad235d42","/_astro/unbounded-vietnamese-400-normal.8Lbtl9eQ.woff2":"ae8584833f16af4af73ab819d3779bac91b7bc5d3f51226104a0a39c931336d4","/_astro/unbounded-vietnamese-400-normal.DNMGZD-J.woff":"5df2b13d879c702897ebdca1aaa7641995f968cbed89401e0113cf2e149809ba","/_astro/zurich.D5eNIXDm_i3Jnn.webp":"5ea47d849a335820a559e60ef09455bc2335c97825a787e8fb6d6d8c487f1ab4","/_astro/unbounded-latin-400-normal.BBzBVgTQ.woff2":"60289e29b4ea079c0a09b6389a18c557ee5f56a1c669c272a768c493819f3876","/_astro/unbounded-latin-400-normal.CmHg0o4N.woff":"9ee90d7a92edc84fb14bdfd7cad2fac4e97c11e95f2004d055a22e3c70c15b4a","/_astro/video-preview.k0lcKPwD_RhWWI.webp":"d3c7ed8423d015a1cbf0e8246ee09d15a1364b4263ad983160741f979afc0660","/index.html":"dcdb496ecf2261930d2fcd51c5187fd274ccfcbcaacadd1b00df7923b46d6dfa","/_astro/unbounded-latin-ext-400-normal.C70hhTe7.woff2":"bd100735eb8713f27e9b5629d302f20a08c7d0330e2feb530ebdb7219188f358","/_astro/unbounded-latin-ext-400-normal.6CL22q7Z.woff":"403a9b1868ce95b996b3d9d9a999b21b8bb9eebf5103772e89dcbb0e047ad217","/_astro/ModalComp.DK77QS7F.js":"87e9a328c68b056dd8858a061d1c61448a5ceb3d95012d8d20e38c296728458a","/_astro/index.uYDHyRUA.js":"9e51d731b6419a9fc5e86eea8e7fd1020631b6f6cc572302bdd6063d1d960cf9","/_astro/landing_bg.wwbTgN25_s5KbD.webp":"1c6094bdfa2f98374c71b5a682fffa0613587760ded7bc4fa037d364e1692159","/_astro/cocha.nn29dB53_27WHmp.webp":"2f5e0e45728606596583ec4dbc01c853bb22be55c76702b3094e45a6d02b9ab6","/_astro/dots.kfRrLHPt_Z11AnvD.webp":"fa32172430e18ef9d1ecd057a12df8a18ee23b205910fc098c11634245dc9e79","/_astro/maxifarma.D27mIZGl.mp4":"b40300f44ecaa9181c847c003cfe0c7b1e67bf563ec8e7bcf858fe969320d3e7","/_astro/farmacias.yXW_Ns7M.mp4":"f403588407d59650fd77cc12c6bb03b94c49a0d032729712d665661103be46a2","/_astro/zurich.D9mKLk2Q.mp4":"2c0b78cf3b5704a25d797a33fd42321c6b60905ac204ad6511c946873aac92ca","/_astro/evans.B-2FYV2Y.mp4":"7ab074c4b3c69c90c5c3fd8fe7b49c50e8bce067bcf3fd8320af4153ce67b753","/_astro/cosmos.CKj0BOTf.mp4":"2aff08f2c6e6268e8a62f3349ba675dcbc4d68a41b2696e53dc82e359f005b4e"}}
[debug] [2024-10-29T17:19:12.738Z] <<< [apiv2][status] POST https://firebasehosting.googleapis.com/v1beta1/projects/749995152603/sites/lider-bo/versions/a5d7b0961d72c1ad:populateFiles 200
[debug] [2024-10-29T17:19:12.739Z] <<< [apiv2][body] POST https://firebasehosting.googleapis.com/v1beta1/projects/749995152603/sites/lider-bo/versions/a5d7b0961d72c1ad:populateFiles {"uploadRequiredHashes":["9ee90d7a92edc84fb14bdfd7cad2fac4e97c11e95f2004d055a22e3c70c15b4a","d3c7ed8423d015a1cbf0e8246ee09d15a1364b4263ad983160741f979afc0660","8762b1ba95eddba53d6542a2e90b5d6ae6016a3335305cdffb05bcfea8d9a394","fa32172430e18ef9d1ecd057a12df8a18ee23b205910fc098c11634245dc9e79","bd100735eb8713f27e9b5629d302f20a08c7d0330e2feb530ebdb7219188f358","7ab074c4b3c69c90c5c3fd8fe7b49c50e8bce067bcf3fd8320af4153ce67b753","2aff08f2c6e6268e8a62f3349ba675dcbc4d68a41b2696e53dc82e359f005b4e","1c6094bdfa2f98374c71b5a682fffa0613587760ded7bc4fa037d364e1692159","2c0b78cf3b5704a25d797a33fd42321c6b60905ac204ad6511c946873aac92ca","5ea47d849a335820a559e60ef09455bc2335c97825a787e8fb6d6d8c487f1ab4","b40300f44ecaa9181c847c003cfe0c7b1e67bf563ec8e7bcf858fe969320d3e7","60289e29b4ea079c0a09b6389a18c557ee5f56a1c669c272a768c493819f3876","8711b61ebcb10177ec5d9ca46c648d5526070c41691ba7ae5ec5de818b1f56c1","13491bb618194540e20b929d3cfe6f339bd5cfa2b4bf9f8d65b01c8aad235d42","6328eb3e94b897d398e53dc1b34fbce1988ff9ed26f1896e1a5b1a4d75cab89c","9e51d731b6419a9fc5e86eea8e7fd1020631b6f6cc572302bdd6063d1d960cf9","2f5e0e45728606596583ec4dbc01c853bb22be55c76702b3094e45a6d02b9ab6","11f36287ff043f835aee6cb2f96728d6ad199a3dfb6912aeb9fccce6a888fa9f","2bd716bcf22c27bc228c5dfdd9ea03be344c4cc9dba4e8d711ca998850667e70","f403588407d59650fd77cc12c6bb03b94c49a0d032729712d665661103be46a2","5df2b13d879c702897ebdca1aaa7641995f968cbed89401e0113cf2e149809ba","403a9b1868ce95b996b3d9d9a999b21b8bb9eebf5103772e89dcbb0e047ad217","a43079760b138befd9cf84469f87f6e41dc924691ced119d6d8963f55c88a325","71c11e0a41845895dcbec2d6aa728044aea2cf418eae8d768b01f1321b4362b6","dcdb496ecf2261930d2fcd51c5187fd274ccfcbcaacadd1b00df7923b46d6dfa","fb3d35f19b54ea8b7ff24f722e32414c00ac9546aca03d869be9640b0fed2781","87e9a328c68b056dd8858a061d1c61448a5ceb3d95012d8d20e38c296728458a"],"uploadUrl":"https://upload-firebasehosting.googleapis.com/upload/sites/lider-bo/versions/a5d7b0961d72c1ad/files"}
[debug] [2024-10-29T17:19:12.743Z] >>> [apiv2][query] POST https://upload-firebasehosting.googleapis.com/upload/sites/lider-bo/versions/a5d7b0961d72c1ad/files/9ee90d7a92edc84fb14bdfd7cad2fac4e97c11e95f2004d055a22e3c70c15b4a [none]
[debug] [2024-10-29T17:19:12.743Z] >>> [apiv2][body] POST https://upload-firebasehosting.googleapis.com/upload/sites/lider-bo/versions/a5d7b0961d72c1ad/files/9ee90d7a92edc84fb14bdfd7cad2fac4e97c11e95f2004d055a22e3c70c15b4a [stream]
[debug] [2024-10-29T17:19:12.745Z] >>> [apiv2][query] POST https://upload-firebasehosting.googleapis.com/upload/sites/lider-bo/versions/a5d7b0961d72c1ad/files/d3c7ed8423d015a1cbf0e8246ee09d15a1364b4263ad983160741f979afc0660 [none]
[debug] [2024-10-29T17:19:12.745Z] >>> [apiv2][body] POST https://upload-firebasehosting.googleapis.com/upload/sites/lider-bo/versions/a5d7b0961d72c1ad/files/d3c7ed8423d015a1cbf0e8246ee09d15a1364b4263ad983160741f979afc0660 [stream]
[debug] [2024-10-29T17:19:12.746Z] >>> [apiv2][query] POST https://upload-firebasehosting.googleapis.com/upload/sites/lider-bo/versions/a5d7b0961d72c1ad/files/8762b1ba95eddba53d6542a2e90b5d6ae6016a3335305cdffb05bcfea8d9a394 [none]
[debug] [2024-10-29T17:19:12.746Z] >>> [apiv2][body] POST https://upload-firebasehosting.googleapis.com/upload/sites/lider-bo/versions/a5d7b0961d72c1ad/files/8762b1ba95eddba53d6542a2e90b5d6ae6016a3335305cdffb05bcfea8d9a394 [stream]
[debug] [2024-10-29T17:19:12.747Z] >>> [apiv2][query] POST https://upload-firebasehosting.googleapis.com/upload/sites/lider-bo/versions/a5d7b0961d72c1ad/files/fa32172430e18ef9d1ecd057a12df8a18ee23b205910fc098c11634245dc9e79 [none]
[debug] [2024-10-29T17:19:12.747Z] >>> [apiv2][body] POST https://upload-firebasehosting.googleapis.com/upload/sites/lider-bo/versions/a5d7b0961d72c1ad/files/fa32172430e18ef9d1ecd057a12df8a18ee23b205910fc098c11634245dc9e79 [stream]
[debug] [2024-10-29T17:19:12.748Z] >>> [apiv2][query] POST https://upload-firebasehosting.googleapis.com/upload/sites/lider-bo/versions/a5d7b0961d72c1ad/files/bd100735eb8713f27e9b5629d302f20a08c7d0330e2feb530ebdb7219188f358 [none]
[debug] [2024-10-29T17:19:12.748Z] >>> [apiv2][body] POST https://upload-firebasehosting.googleapis.com/upload/sites/lider-bo/versions/a5d7b0961d72c1ad/files/bd100735eb8713f27e9b5629d302f20a08c7d0330e2feb530ebdb7219188f358 [stream]
[debug] [2024-10-29T17:19:12.748Z] >>> [apiv2][query] POST https://upload-firebasehosting.googleapis.com/upload/sites/lider-bo/versions/a5d7b0961d72c1ad/files/7ab074c4b3c69c90c5c3fd8fe7b49c50e8bce067bcf3fd8320af4153ce67b753 [none]
[debug] [2024-10-29T17:19:12.748Z] >>> [apiv2][body] POST https://upload-firebasehosting.googleapis.com/upload/sites/lider-bo/versions/a5d7b0961d72c1ad/files/7ab074c4b3c69c90c5c3fd8fe7b49c50e8bce067bcf3fd8320af4153ce67b753 [stream]
[debug] [2024-10-29T17:19:12.749Z] >>> [apiv2][query] POST https://upload-firebasehosting.googleapis.com/upload/sites/lider-bo/versions/a5d7b0961d72c1ad/files/2aff08f2c6e6268e8a62f3349ba675dcbc4d68a41b2696e53dc82e359f005b4e [none]
[debug] [2024-10-29T17:19:12.749Z] >>> [apiv2][body] POST https://upload-firebasehosting.googleapis.com/upload/sites/lider-bo/versions/a5d7b0961d72c1ad/files/2aff08f2c6e6268e8a62f3349ba675dcbc4d68a41b2696e53dc82e359f005b4e [stream]
[debug] [2024-10-29T17:19:12.750Z] >>> [apiv2][query] POST https://upload-firebasehosting.googleapis.com/upload/sites/lider-bo/versions/a5d7b0961d72c1ad/files/1c6094bdfa2f98374c71b5a682fffa0613587760ded7bc4fa037d364e1692159 [none]
[debug] [2024-10-29T17:19:12.751Z] >>> [apiv2][body] POST https://upload-firebasehosting.googleapis.com/upload/sites/lider-bo/versions/a5d7b0961d72c1ad/files/1c6094bdfa2f98374c71b5a682fffa0613587760ded7bc4fa037d364e1692159 [stream]
[debug] [2024-10-29T17:19:12.752Z] >>> [apiv2][query] POST https://upload-firebasehosting.googleapis.com/upload/sites/lider-bo/versions/a5d7b0961d72c1ad/files/2c0b78cf3b5704a25d797a33fd42321c6b60905ac204ad6511c946873aac92ca [none]
[debug] [2024-10-29T17:19:12.752Z] >>> [apiv2][body] POST https://upload-firebasehosting.googleapis.com/upload/sites/lider-bo/versions/a5d7b0961d72c1ad/files/2c0b78cf3b5704a25d797a33fd42321c6b60905ac204ad6511c946873aac92ca [stream]
[debug] [2024-10-29T17:19:12.753Z] >>> [apiv2][query] POST https://upload-firebasehosting.googleapis.com/upload/sites/lider-bo/versions/a5d7b0961d72c1ad/files/5ea47d849a335820a559e60ef09455bc2335c97825a787e8fb6d6d8c487f1ab4 [none]
[debug] [2024-10-29T17:19:12.753Z] >>> [apiv2][body] POST https://upload-firebasehosting.googleapis.com/upload/sites/lider-bo/versions/a5d7b0961d72c1ad/files/5ea47d849a335820a559e60ef09455bc2335c97825a787e8fb6d6d8c487f1ab4 [stream]
[debug] [2024-10-29T17:19:12.754Z] >>> [apiv2][query] POST https://upload-firebasehosting.googleapis.com/upload/sites/lider-bo/versions/a5d7b0961d72c1ad/files/b40300f44ecaa9181c847c003cfe0c7b1e67bf563ec8e7bcf858fe969320d3e7 [none]
[debug] [2024-10-29T17:19:12.754Z] >>> [apiv2][body] POST https://upload-firebasehosting.googleapis.com/upload/sites/lider-bo/versions/a5d7b0961d72c1ad/files/b40300f44ecaa9181c847c003cfe0c7b1e67bf563ec8e7bcf858fe969320d3e7 [stream]
[debug] [2024-10-29T17:19:12.755Z] >>> [apiv2][query] POST https://upload-firebasehosting.googleapis.com/upload/sites/lider-bo/versions/a5d7b0961d72c1ad/files/60289e29b4ea079c0a09b6389a18c557ee5f56a1c669c272a768c493819f3876 [none]
[debug] [2024-10-29T17:19:12.755Z] >>> [apiv2][body] POST https://upload-firebasehosting.googleapis.com/upload/sites/lider-bo/versions/a5d7b0961d72c1ad/files/60289e29b4ea079c0a09b6389a18c557ee5f56a1c669c272a768c493819f3876 [stream]
[debug] [2024-10-29T17:19:12.756Z] >>> [apiv2][query] POST https://upload-firebasehosting.googleapis.com/upload/sites/lider-bo/versions/a5d7b0961d72c1ad/files/8711b61ebcb10177ec5d9ca46c648d5526070c41691ba7ae5ec5de818b1f56c1 [none]
[debug] [2024-10-29T17:19:12.756Z] >>> [apiv2][body] POST https://upload-firebasehosting.googleapis.com/upload/sites/lider-bo/versions/a5d7b0961d72c1ad/files/8711b61ebcb10177ec5d9ca46c648d5526070c41691ba7ae5ec5de818b1f56c1 [stream]
[debug] [2024-10-29T17:19:12.758Z] >>> [apiv2][query] POST https://upload-firebasehosting.googleapis.com/upload/sites/lider-bo/versions/a5d7b0961d72c1ad/files/13491bb618194540e20b929d3cfe6f339bd5cfa2b4bf9f8d65b01c8aad235d42 [none]
[debug] [2024-10-29T17:19:12.758Z] >>> [apiv2][body] POST https://upload-firebasehosting.googleapis.com/upload/sites/lider-bo/versions/a5d7b0961d72c1ad/files/13491bb618194540e20b929d3cfe6f339bd5cfa2b4bf9f8d65b01c8aad235d42 [stream]
[debug] [2024-10-29T17:19:12.759Z] >>> [apiv2][query] POST https://upload-firebasehosting.googleapis.com/upload/sites/lider-bo/versions/a5d7b0961d72c1ad/files/6328eb3e94b897d398e53dc1b34fbce1988ff9ed26f1896e1a5b1a4d75cab89c [none]
[debug] [2024-10-29T17:19:12.759Z] >>> [apiv2][body] POST https://upload-firebasehosting.googleapis.com/upload/sites/lider-bo/versions/a5d7b0961d72c1ad/files/6328eb3e94b897d398e53dc1b34fbce1988ff9ed26f1896e1a5b1a4d75cab89c [stream]
[debug] [2024-10-29T17:19:12.760Z] >>> [apiv2][query] POST https://upload-firebasehosting.googleapis.com/upload/sites/lider-bo/versions/a5d7b0961d72c1ad/files/9e51d731b6419a9fc5e86eea8e7fd1020631b6f6cc572302bdd6063d1d960cf9 [none]
[debug] [2024-10-29T17:19:12.760Z] >>> [apiv2][body] POST https://upload-firebasehosting.googleapis.com/upload/sites/lider-bo/versions/a5d7b0961d72c1ad/files/9e51d731b6419a9fc5e86eea8e7fd1020631b6f6cc572302bdd6063d1d960cf9 [stream]
[debug] [2024-10-29T17:19:12.761Z] >>> [apiv2][query] POST https://upload-firebasehosting.googleapis.com/upload/sites/lider-bo/versions/a5d7b0961d72c1ad/files/2f5e0e45728606596583ec4dbc01c853bb22be55c76702b3094e45a6d02b9ab6 [none]
[debug] [2024-10-29T17:19:12.761Z] >>> [apiv2][body] POST https://upload-firebasehosting.googleapis.com/upload/sites/lider-bo/versions/a5d7b0961d72c1ad/files/2f5e0e45728606596583ec4dbc01c853bb22be55c76702b3094e45a6d02b9ab6 [stream]
[debug] [2024-10-29T17:19:12.762Z] >>> [apiv2][query] POST https://upload-firebasehosting.googleapis.com/upload/sites/lider-bo/versions/a5d7b0961d72c1ad/files/11f36287ff043f835aee6cb2f96728d6ad199a3dfb6912aeb9fccce6a888fa9f [none]
[debug] [2024-10-29T17:19:12.762Z] >>> [apiv2][body] POST https://upload-firebasehosting.googleapis.com/upload/sites/lider-bo/versions/a5d7b0961d72c1ad/files/11f36287ff043f835aee6cb2f96728d6ad199a3dfb6912aeb9fccce6a888fa9f [stream]
[debug] [2024-10-29T17:19:12.762Z] >>> [apiv2][query] POST https://upload-firebasehosting.googleapis.com/upload/sites/lider-bo/versions/a5d7b0961d72c1ad/files/2bd716bcf22c27bc228c5dfdd9ea03be344c4cc9dba4e8d711ca998850667e70 [none]
[debug] [2024-10-29T17:19:12.763Z] >>> [apiv2][body] POST https://upload-firebasehosting.googleapis.com/upload/sites/lider-bo/versions/a5d7b0961d72c1ad/files/2bd716bcf22c27bc228c5dfdd9ea03be344c4cc9dba4e8d711ca998850667e70 [stream]
[debug] [2024-10-29T17:19:12.763Z] >>> [apiv2][query] POST https://upload-firebasehosting.googleapis.com/upload/sites/lider-bo/versions/a5d7b0961d72c1ad/files/f403588407d59650fd77cc12c6bb03b94c49a0d032729712d665661103be46a2 [none]
[debug] [2024-10-29T17:19:12.763Z] >>> [apiv2][body] POST https://upload-firebasehosting.googleapis.com/upload/sites/lider-bo/versions/a5d7b0961d72c1ad/files/f403588407d59650fd77cc12c6bb03b94c49a0d032729712d665661103be46a2 [stream]
[debug] [2024-10-29T17:19:12.764Z] >>> [apiv2][query] POST https://upload-firebasehosting.googleapis.com/upload/sites/lider-bo/versions/a5d7b0961d72c1ad/files/5df2b13d879c702897ebdca1aaa7641995f968cbed89401e0113cf2e149809ba [none]
[debug] [2024-10-29T17:19:12.764Z] >>> [apiv2][body] POST https://upload-firebasehosting.googleapis.com/upload/sites/lider-bo/versions/a5d7b0961d72c1ad/files/5df2b13d879c702897ebdca1aaa7641995f968cbed89401e0113cf2e149809ba [stream]
[debug] [2024-10-29T17:19:12.765Z] >>> [apiv2][query] POST https://upload-firebasehosting.googleapis.com/upload/sites/lider-bo/versions/a5d7b0961d72c1ad/files/403a9b1868ce95b996b3d9d9a999b21b8bb9eebf5103772e89dcbb0e047ad217 [none]
[debug] [2024-10-29T17:19:12.765Z] >>> [apiv2][body] POST https://upload-firebasehosting.googleapis.com/upload/sites/lider-bo/versions/a5d7b0961d72c1ad/files/403a9b1868ce95b996b3d9d9a999b21b8bb9eebf5103772e89dcbb0e047ad217 [stream]
[debug] [2024-10-29T17:19:12.766Z] >>> [apiv2][query] POST https://upload-firebasehosting.googleapis.com/upload/sites/lider-bo/versions/a5d7b0961d72c1ad/files/a43079760b138befd9cf84469f87f6e41dc924691ced119d6d8963f55c88a325 [none]
[debug] [2024-10-29T17:19:12.766Z] >>> [apiv2][body] POST https://upload-firebasehosting.googleapis.com/upload/sites/lider-bo/versions/a5d7b0961d72c1ad/files/a43079760b138befd9cf84469f87f6e41dc924691ced119d6d8963f55c88a325 [stream]
[debug] [2024-10-29T17:19:12.767Z] >>> [apiv2][query] POST https://upload-firebasehosting.googleapis.com/upload/sites/lider-bo/versions/a5d7b0961d72c1ad/files/71c11e0a41845895dcbec2d6aa728044aea2cf418eae8d768b01f1321b4362b6 [none]
[debug] [2024-10-29T17:19:12.767Z] >>> [apiv2][body] POST https://upload-firebasehosting.googleapis.com/upload/sites/lider-bo/versions/a5d7b0961d72c1ad/files/71c11e0a41845895dcbec2d6aa728044aea2cf418eae8d768b01f1321b4362b6 [stream]
[debug] [2024-10-29T17:19:12.768Z] >>> [apiv2][query] POST https://upload-firebasehosting.googleapis.com/upload/sites/lider-bo/versions/a5d7b0961d72c1ad/files/dcdb496ecf2261930d2fcd51c5187fd274ccfcbcaacadd1b00df7923b46d6dfa [none]
[debug] [2024-10-29T17:19:12.768Z] >>> [apiv2][body] POST https://upload-firebasehosting.googleapis.com/upload/sites/lider-bo/versions/a5d7b0961d72c1ad/files/dcdb496ecf2261930d2fcd51c5187fd274ccfcbcaacadd1b00df7923b46d6dfa [stream]
[debug] [2024-10-29T17:19:12.769Z] >>> [apiv2][query] POST https://upload-firebasehosting.googleapis.com/upload/sites/lider-bo/versions/a5d7b0961d72c1ad/files/fb3d35f19b54ea8b7ff24f722e32414c00ac9546aca03d869be9640b0fed2781 [none]
[debug] [2024-10-29T17:19:12.769Z] >>> [apiv2][body] POST https://upload-firebasehosting.googleapis.com/upload/sites/lider-bo/versions/a5d7b0961d72c1ad/files/fb3d35f19b54ea8b7ff24f722e32414c00ac9546aca03d869be9640b0fed2781 [stream]
[debug] [2024-10-29T17:19:12.770Z] >>> [apiv2][query] POST https://upload-firebasehosting.googleapis.com/upload/sites/lider-bo/versions/a5d7b0961d72c1ad/files/87e9a328c68b056dd8858a061d1c61448a5ceb3d95012d8d20e38c296728458a [none]
[debug] [2024-10-29T17:19:12.770Z] >>> [apiv2][body] POST https://upload-firebasehosting.googleapis.com/upload/sites/lider-bo/versions/a5d7b0961d72c1ad/files/87e9a328c68b056dd8858a061d1c61448a5ceb3d95012d8d20e38c296728458a [stream]
[debug] [2024-10-29T17:19:12.771Z] [hosting][populate queue][FINAL] {"max":1250,"min":1250,"avg":1250,"active":0,"complete":1,"success":1,"errored":0,"retried":0,"total":1,"elapsed":1278}
[debug] [2024-10-29T17:19:12.771Z] [hosting] uploads queued: 27
[debug] [2024-10-29T17:19:13.823Z] <<< [apiv2][status] POST https://upload-firebasehosting.googleapis.com/upload/sites/lider-bo/versions/a5d7b0961d72c1ad/files/2bd716bcf22c27bc228c5dfdd9ea03be344c4cc9dba4e8d711ca998850667e70 200
[debug] [2024-10-29T17:19:13.824Z] <<< [apiv2][body] POST https://upload-firebasehosting.googleapis.com/upload/sites/lider-bo/versions/a5d7b0961d72c1ad/files/2bd716bcf22c27bc228c5dfdd9ea03be344c4cc9dba4e8d711ca998850667e70 [stream]
[debug] [2024-10-29T17:19:13.852Z] <<< [apiv2][status] POST https://upload-firebasehosting.googleapis.com/upload/sites/lider-bo/versions/a5d7b0961d72c1ad/files/8711b61ebcb10177ec5d9ca46c648d5526070c41691ba7ae5ec5de818b1f56c1 200
[debug] [2024-10-29T17:19:13.852Z] <<< [apiv2][body] POST https://upload-firebasehosting.googleapis.com/upload/sites/lider-bo/versions/a5d7b0961d72c1ad/files/8711b61ebcb10177ec5d9ca46c648d5526070c41691ba7ae5ec5de818b1f56c1 [stream]
[debug] [2024-10-29T17:19:14.091Z] <<< [apiv2][status] POST https://upload-firebasehosting.googleapis.com/upload/sites/lider-bo/versions/a5d7b0961d72c1ad/files/6328eb3e94b897d398e53dc1b34fbce1988ff9ed26f1896e1a5b1a4d75cab89c 200
[debug] [2024-10-29T17:19:14.092Z] <<< [apiv2][body] POST https://upload-firebasehosting.googleapis.com/upload/sites/lider-bo/versions/a5d7b0961d72c1ad/files/6328eb3e94b897d398e53dc1b34fbce1988ff9ed26f1896e1a5b1a4d75cab89c [stream]
[debug] [2024-10-29T17:19:14.175Z] <<< [apiv2][status] POST https://upload-firebasehosting.googleapis.com/upload/sites/lider-bo/versions/a5d7b0961d72c1ad/files/5df2b13d879c702897ebdca1aaa7641995f968cbed89401e0113cf2e149809ba 200
[debug] [2024-10-29T17:19:14.175Z] <<< [apiv2][body] POST https://upload-firebasehosting.googleapis.com/upload/sites/lider-bo/versions/a5d7b0961d72c1ad/files/5df2b13d879c702897ebdca1aaa7641995f968cbed89401e0113cf2e149809ba [stream]
[debug] [2024-10-29T17:19:14.230Z] <<< [apiv2][status] POST https://upload-firebasehosting.googleapis.com/upload/sites/lider-bo/versions/a5d7b0961d72c1ad/files/13491bb618194540e20b929d3cfe6f339bd5cfa2b4bf9f8d65b01c8aad235d42 200
[debug] [2024-10-29T17:19:14.230Z] <<< [apiv2][body] POST https://upload-firebasehosting.googleapis.com/upload/sites/lider-bo/versions/a5d7b0961d72c1ad/files/13491bb618194540e20b929d3cfe6f339bd5cfa2b4bf9f8d65b01c8aad235d42 [stream]
[debug] [2024-10-29T17:19:14.259Z] <<< [apiv2][status] POST https://upload-firebasehosting.googleapis.com/upload/sites/lider-bo/versions/a5d7b0961d72c1ad/files/9ee90d7a92edc84fb14bdfd7cad2fac4e97c11e95f2004d055a22e3c70c15b4a 200
[debug] [2024-10-29T17:19:14.259Z] <<< [apiv2][body] POST https://upload-firebasehosting.googleapis.com/upload/sites/lider-bo/versions/a5d7b0961d72c1ad/files/9ee90d7a92edc84fb14bdfd7cad2fac4e97c11e95f2004d055a22e3c70c15b4a [stream]
[debug] [2024-10-29T17:19:14.641Z] <<< [apiv2][status] POST https://upload-firebasehosting.googleapis.com/upload/sites/lider-bo/versions/a5d7b0961d72c1ad/files/d3c7ed8423d015a1cbf0e8246ee09d15a1364b4263ad983160741f979afc0660 200
[debug] [2024-10-29T17:19:14.641Z] <<< [apiv2][body] POST https://upload-firebasehosting.googleapis.com/upload/sites/lider-bo/versions/a5d7b0961d72c1ad/files/d3c7ed8423d015a1cbf0e8246ee09d15a1364b4263ad983160741f979afc0660 [stream]
[debug] [2024-10-29T17:19:14.670Z] <<< [apiv2][status] POST https://upload-firebasehosting.googleapis.com/upload/sites/lider-bo/versions/a5d7b0961d72c1ad/files/fb3d35f19b54ea8b7ff24f722e32414c00ac9546aca03d869be9640b0fed2781 200
[debug] [2024-10-29T17:19:14.670Z] <<< [apiv2][body] POST https://upload-firebasehosting.googleapis.com/upload/sites/lider-bo/versions/a5d7b0961d72c1ad/files/fb3d35f19b54ea8b7ff24f722e32414c00ac9546aca03d869be9640b0fed2781 [stream]
[debug] [2024-10-29T17:19:14.674Z] <<< [apiv2][status] POST https://upload-firebasehosting.googleapis.com/upload/sites/lider-bo/versions/a5d7b0961d72c1ad/files/403a9b1868ce95b996b3d9d9a999b21b8bb9eebf5103772e89dcbb0e047ad217 200
[debug] [2024-10-29T17:19:14.674Z] <<< [apiv2][body] POST https://upload-firebasehosting.googleapis.com/upload/sites/lider-bo/versions/a5d7b0961d72c1ad/files/403a9b1868ce95b996b3d9d9a999b21b8bb9eebf5103772e89dcbb0e047ad217 [stream]
[debug] [2024-10-29T17:19:14.717Z] <<< [apiv2][status] POST https://upload-firebasehosting.googleapis.com/upload/sites/lider-bo/versions/a5d7b0961d72c1ad/files/71c11e0a41845895dcbec2d6aa728044aea2cf418eae8d768b01f1321b4362b6 200
[debug] [2024-10-29T17:19:14.717Z] <<< [apiv2][body] POST https://upload-firebasehosting.googleapis.com/upload/sites/lider-bo/versions/a5d7b0961d72c1ad/files/71c11e0a41845895dcbec2d6aa728044aea2cf418eae8d768b01f1321b4362b6 [stream]
[debug] [2024-10-29T17:19:15.022Z] <<< [apiv2][status] POST https://upload-firebasehosting.googleapis.com/upload/sites/lider-bo/versions/a5d7b0961d72c1ad/files/5ea47d849a335820a559e60ef09455bc2335c97825a787e8fb6d6d8c487f1ab4 200
[debug] [2024-10-29T17:19:15.022Z] <<< [apiv2][body] POST https://upload-firebasehosting.googleapis.com/upload/sites/lider-bo/versions/a5d7b0961d72c1ad/files/5ea47d849a335820a559e60ef09455bc2335c97825a787e8fb6d6d8c487f1ab4 [stream]
[debug] [2024-10-29T17:19:15.026Z] <<< [apiv2][status] POST https://upload-firebasehosting.googleapis.com/upload/sites/lider-bo/versions/a5d7b0961d72c1ad/files/bd100735eb8713f27e9b5629d302f20a08c7d0330e2feb530ebdb7219188f358 200
[debug] [2024-10-29T17:19:15.026Z] <<< [apiv2][body] POST https://upload-firebasehosting.googleapis.com/upload/sites/lider-bo/versions/a5d7b0961d72c1ad/files/bd100735eb8713f27e9b5629d302f20a08c7d0330e2feb530ebdb7219188f358 [stream]
[debug] [2024-10-29T17:19:15.032Z] <<< [apiv2][status] POST https://upload-firebasehosting.googleapis.com/upload/sites/lider-bo/versions/a5d7b0961d72c1ad/files/11f36287ff043f835aee6cb2f96728d6ad199a3dfb6912aeb9fccce6a888fa9f 200
[debug] [2024-10-29T17:19:15.032Z] <<< [apiv2][body] POST https://upload-firebasehosting.googleapis.com/upload/sites/lider-bo/versions/a5d7b0961d72c1ad/files/11f36287ff043f835aee6cb2f96728d6ad199a3dfb6912aeb9fccce6a888fa9f [stream]
[debug] [2024-10-29T17:19:15.078Z] <<< [apiv2][status] POST https://upload-firebasehosting.googleapis.com/upload/sites/lider-bo/versions/a5d7b0961d72c1ad/files/60289e29b4ea079c0a09b6389a18c557ee5f56a1c669c272a768c493819f3876 200
[debug] [2024-10-29T17:19:15.079Z] <<< [apiv2][body] POST https://upload-firebasehosting.googleapis.com/upload/sites/lider-bo/versions/a5d7b0961d72c1ad/files/60289e29b4ea079c0a09b6389a18c557ee5f56a1c669c272a768c493819f3876 [stream]
[debug] [2024-10-29T17:19:15.223Z] <<< [apiv2][status] POST https://upload-firebasehosting.googleapis.com/upload/sites/lider-bo/versions/a5d7b0961d72c1ad/files/8762b1ba95eddba53d6542a2e90b5d6ae6016a3335305cdffb05bcfea8d9a394 200
[debug] [2024-10-29T17:19:15.223Z] <<< [apiv2][body] POST https://upload-firebasehosting.googleapis.com/upload/sites/lider-bo/versions/a5d7b0961d72c1ad/files/8762b1ba95eddba53d6542a2e90b5d6ae6016a3335305cdffb05bcfea8d9a394 [stream]
[debug] [2024-10-29T17:19:15.286Z] <<< [apiv2][status] POST https://upload-firebasehosting.googleapis.com/upload/sites/lider-bo/versions/a5d7b0961d72c1ad/files/2f5e0e45728606596583ec4dbc01c853bb22be55c76702b3094e45a6d02b9ab6 200
[debug] [2024-10-29T17:19:15.286Z] <<< [apiv2][body] POST https://upload-firebasehosting.googleapis.com/upload/sites/lider-bo/versions/a5d7b0961d72c1ad/files/2f5e0e45728606596583ec4dbc01c853bb22be55c76702b3094e45a6d02b9ab6 [stream]
[debug] [2024-10-29T17:19:15.291Z] <<< [apiv2][status] POST https://upload-firebasehosting.googleapis.com/upload/sites/lider-bo/versions/a5d7b0961d72c1ad/files/9e51d731b6419a9fc5e86eea8e7fd1020631b6f6cc572302bdd6063d1d960cf9 200
[debug] [2024-10-29T17:19:15.291Z] <<< [apiv2][body] POST https://upload-firebasehosting.googleapis.com/upload/sites/lider-bo/versions/a5d7b0961d72c1ad/files/9e51d731b6419a9fc5e86eea8e7fd1020631b6f6cc572302bdd6063d1d960cf9 [stream]
[debug] [2024-10-29T17:19:15.331Z] <<< [apiv2][status] POST https://upload-firebasehosting.googleapis.com/upload/sites/lider-bo/versions/a5d7b0961d72c1ad/files/87e9a328c68b056dd8858a061d1c61448a5ceb3d95012d8d20e38c296728458a 200
[debug] [2024-10-29T17:19:15.331Z] <<< [apiv2][body] POST https://upload-firebasehosting.googleapis.com/upload/sites/lider-bo/versions/a5d7b0961d72c1ad/files/87e9a328c68b056dd8858a061d1c61448a5ceb3d95012d8d20e38c296728458a [stream]
[debug] [2024-10-29T17:19:15.409Z] <<< [apiv2][status] POST https://upload-firebasehosting.googleapis.com/upload/sites/lider-bo/versions/a5d7b0961d72c1ad/files/a43079760b138befd9cf84469f87f6e41dc924691ced119d6d8963f55c88a325 200
[debug] [2024-10-29T17:19:15.409Z] <<< [apiv2][body] POST https://upload-firebasehosting.googleapis.com/upload/sites/lider-bo/versions/a5d7b0961d72c1ad/files/a43079760b138befd9cf84469f87f6e41dc924691ced119d6d8963f55c88a325 [stream]
[debug] [2024-10-29T17:19:15.459Z] <<< [apiv2][status] POST https://upload-firebasehosting.googleapis.com/upload/sites/lider-bo/versions/a5d7b0961d72c1ad/files/1c6094bdfa2f98374c71b5a682fffa0613587760ded7bc4fa037d364e1692159 200
[debug] [2024-10-29T17:19:15.459Z] <<< [apiv2][body] POST https://upload-firebasehosting.googleapis.com/upload/sites/lider-bo/versions/a5d7b0961d72c1ad/files/1c6094bdfa2f98374c71b5a682fffa0613587760ded7bc4fa037d364e1692159 [stream]
[debug] [2024-10-29T17:19:15.667Z] <<< [apiv2][status] POST https://upload-firebasehosting.googleapis.com/upload/sites/lider-bo/versions/a5d7b0961d72c1ad/files/dcdb496ecf2261930d2fcd51c5187fd274ccfcbcaacadd1b00df7923b46d6dfa 200
[debug] [2024-10-29T17:19:15.667Z] <<< [apiv2][body] POST https://upload-firebasehosting.googleapis.com/upload/sites/lider-bo/versions/a5d7b0961d72c1ad/files/dcdb496ecf2261930d2fcd51c5187fd274ccfcbcaacadd1b00df7923b46d6dfa [stream]
[debug] [2024-10-29T17:19:15.842Z] <<< [apiv2][status] POST https://upload-firebasehosting.googleapis.com/upload/sites/lider-bo/versions/a5d7b0961d72c1ad/files/fa32172430e18ef9d1ecd057a12df8a18ee23b205910fc098c11634245dc9e79 200
[debug] [2024-10-29T17:19:15.842Z] <<< [apiv2][body] POST https://upload-firebasehosting.googleapis.com/upload/sites/lider-bo/versions/a5d7b0961d72c1ad/files/fa32172430e18ef9d1ecd057a12df8a18ee23b205910fc098c11634245dc9e79 [stream]
